# JRE version: OpenJDK Runtime Environment (11.0.15) (build 11.0.15+0-b2043.56-9505619)
# Java VM: OpenJDK 64-Bit Server VM (11.0.15+0-b2043.56-9505619, mixed mode, tiered, compressed oops, g1 gc, windows-amd64)
Heap:
 garbage-first heap   total 312320K, used 272634K [0x0000000080000000, 0x0000000100000000)
  region size 1024K, 43 young (44032K), 3 survivors (3072K)
 Metaspace       used 140568K, capacity 144512K, committed 144800K, reserved 1175552K
  class space    used 17755K, capacity 19266K, committed 19352K, reserved 1048576K
GC Heap History (20 events):
Event: 2654.948 GC heap before
{Heap before GC invocations=97 (full 0):
 garbage-first heap   total 312320K, used 266693K [0x0000000080000000, 0x0000000100000000)
  region size 1024K, 50 young (51200K), 2 survivors (2048K)
 Metaspace       used 134670K, capacity 138215K, committed 138400K, reserved 1169408K
  class space    used 17147K, capacity 18488K, committed 18584K, reserved 1048576K
}
Event: 2654.967 GC heap after
{Heap after GC invocations=98 (full 0):
 garbage-first heap   total 312320K, used 222380K [0x0000000080000000, 0x0000000100000000)
  region size 1024K, 6 young (6144K), 6 survivors (6144K)
 Metaspace       used 134670K, capacity 138215K, committed 138400K, reserved 1169408K
  class space    used 17147K, capacity 18488K, committed 18584K, reserved 1048576K
}
Event: 2656.453 GC heap before
{Heap before GC invocations=98 (full 0):
 garbage-first heap   total 312320K, used 268460K [0x0000000080000000, 0x0000000100000000)
  region size 1024K, 51 young (52224K), 6 survivors (6144K)
 Metaspace       used 137083K, capacity 140793K, committed 140960K, reserved 1171456K
  class space    used 17411K, capacity 18823K, committed 18840K, reserved 1048576K
}
Event: 2656.470 GC heap after
{Heap after GC invocations=99 (full 0):
 garbage-first heap   total 312320K, used 223064K [0x0000000080000000, 0x0000000100000000)
  region size 1024K, 1 young (1024K), 1 survivors (1024K)
 Metaspace       used 137083K, capacity 140793K, committed 140960K, reserved 1171456K
  class space    used 17411K, capacity 18823K, committed 18840K, reserved 1048576K
}
Event: 2657.336 GC heap before
{Heap before GC invocations=99 (full 0):
 garbage-first heap   total 312320K, used 269144K [0x0000000080000000, 0x0000000100000000)
  region size 1024K, 47 young (48128K), 1 survivors (1024K)
 Metaspace       used 138415K, capacity 142237K, committed 142496K, reserved 1173504K
  class space    used 17598K, capacity 19063K, committed 19096K, reserved 1048576K
}
Event: 2657.342 GC heap after
{Heap after GC invocations=100 (full 0):
 garbage-first heap   total 312320K, used 223711K [0x0000000080000000, 0x0000000100000000)
  region size 1024K, 2 young (2048K), 2 survivors (2048K)
 Metaspace       used 138415K, capacity 142237K, committed 142496K, reserved 1173504K
  class space    used 17598K, capacity 19063K, committed 19096K, reserved 1048576K
}
Event: 2657.979 GC heap before
{Heap before GC invocations=100 (full 0):
 garbage-first heap   total 312320K, used 270815K [0x0000000080000000, 0x0000000100000000)
  region size 1024K, 48 young (49152K), 2 survivors (2048K)
 Metaspace       used 139289K, capacity 143131K, committed 143392K, reserved 1173504K
  class space    used 17668K, capacity 19141K, committed 19224K, reserved 1048576K
}
Event: 2657.988 GC heap after
{Heap after GC invocations=101 (full 0):
 garbage-first heap   total 312320K, used 223558K [0x0000000080000000, 0x0000000100000000)
  region size 1024K, 2 young (2048K), 2 survivors (2048K)
 Metaspace       used 139289K, capacity 143131K, committed 143392K, reserved 1173504K
  class space    used 17668K, capacity 19141K, committed 19224K, reserved 1048576K
}
Event: 2658.620 GC heap before
{Heap before GC invocations=101 (full 0):
 garbage-first heap   total 312320K, used 271686K [0x0000000080000000, 0x0000000100000000)
  region size 1024K, 49 young (50176K), 2 survivors (2048K)
 Metaspace       used 139803K, capacity 143685K, committed 144032K, reserved 1173504K
  class space    used 17728K, capacity 19236K, committed 19352K, reserved 1048576K
}
Event: 2658.627 GC heap after
{Heap after GC invocations=102 (full 0):
 garbage-first heap   total 312320K, used 224088K [0x0000000080000000, 0x0000000100000000)
  region size 1024K, 2 young (2048K), 2 survivors (2048K)
 Metaspace       used 139803K, capacity 143685K, committed 144032K, reserved 1173504K
  class space    used 17728K, capacity 19236K, committed 19352K, reserved 1048576K
}
Event: 2659.209 GC heap before
{Heap before GC invocations=102 (full 0):
 garbage-first heap   total 312320K, used 272216K [0x0000000080000000, 0x0000000100000000)
  region size 1024K, 49 young (50176K), 2 survivors (2048K)
 Metaspace       used 139909K, capacity 143843K, committed 144032K, reserved 1173504K
  class space    used 17732K, capacity 19243K, committed 19352K, reserved 1048576K
}
Event: 2659.221 GC heap after
{Heap after GC invocations=103 (full 0):
 garbage-first heap   total 312320K, used 223619K [0x0000000080000000, 0x0000000100000000)
  region size 1024K, 2 young (2048K), 2 survivors (2048K)
 Metaspace       used 139909K, capacity 143843K, committed 144032K, reserved 1173504K
  class space    used 17732K, capacity 19243K, committed 19352K, reserved 1048576K
}
Event: 2660.006 GC heap before
{Heap before GC invocations=103 (full 0):
 garbage-first heap   total 312320K, used 272771K [0x0000000080000000, 0x0000000100000000)
  region size 1024K, 50 young (51200K), 2 survivors (2048K)
 Metaspace       used 140020K, capacity 143992K, committed 144288K, reserved 1175552K
  class space    used 17733K, capacity 19245K, committed 19352K, reserved 1048576K
}
Event: 2660.015 GC heap after
{Heap after GC invocations=104 (full 0):
 garbage-first heap   total 312320K, used 224088K [0x0000000080000000, 0x0000000100000000)
  region size 1024K, 2 young (2048K), 2 survivors (2048K)
 Metaspace       used 140020K, capacity 143992K, committed 144288K, reserved 1175552K
  class space    used 17733K, capacity 19245K, committed 19352K, reserved 1048576K
}
Event: 2660.607 GC heap before
{Heap before GC invocations=104 (full 0):
 garbage-first heap   total 312320K, used 274264K [0x0000000080000000, 0x0000000100000000)
  region size 1024K, 51 young (52224K), 2 survivors (2048K)
 Metaspace       used 140187K, capacity 144093K, committed 144288K, reserved 1175552K
  class space    used 17740K, capacity 19251K, committed 19352K, reserved 1048576K
}
Event: 2660.622 GC heap after
{Heap after GC invocations=105 (full 0):
 garbage-first heap   total 312320K, used 228055K [0x0000000080000000, 0x0000000100000000)
  region size 1024K, 6 young (6144K), 6 survivors (6144K)
 Metaspace       used 140187K, capacity 144093K, committed 144288K, reserved 1175552K
  class space    used 17740K, capacity 19251K, committed 19352K, reserved 1048576K
}
Event: 2661.252 GC heap before
{Heap before GC invocations=105 (full 0):
 garbage-first heap   total 312320K, used 273111K [0x0000000080000000, 0x0000000100000000)
  region size 1024K, 50 young (51200K), 6 survivors (6144K)
 Metaspace       used 140304K, capacity 144258K, committed 144544K, reserved 1175552K
  class space    used 17743K, capacity 19256K, committed 19352K, reserved 1048576K
}
Event: 2661.270 GC heap after
{Heap after GC invocations=106 (full 0):
 garbage-first heap   total 312320K, used 227783K [0x0000000080000000, 0x0000000100000000)
  region size 1024K, 1 young (1024K), 1 survivors (1024K)
 Metaspace       used 140304K, capacity 144258K, committed 144544K, reserved 1175552K
  class space    used 17743K, capacity 19256K, committed 19352K, reserved 1048576K
}
Event: 2661.862 GC heap before
{Heap before GC invocations=106 (full 0):
 garbage-first heap   total 312320K, used 271815K [0x0000000080000000, 0x0000000100000000)
  region size 1024K, 45 young (46080K), 1 survivors (1024K)
 Metaspace       used 140340K, capacity 144266K, committed 144544K, reserved 1175552K
  class space    used 17744K, capacity 19257K, committed 19352K, reserved 1048576K
}
Event: 2661.873 GC heap after
{Heap after GC invocations=107 (full 0):
 garbage-first heap   total 312320K, used 230748K [0x0000000080000000, 0x0000000100000000)
  region size 1024K, 4 young (4096K), 4 survivors (4096K)
 Metaspace       used 140340K, capacity 144266K, committed 144544K, reserved 1175552K
  class space    used 17744K, capacity 19257K, committed 19352K, reserved 1048576K
}

